<?xml version="1.0" encoding="UTF-8"?>
<testsuite xmlns:xsi="http://www.w3.org/2001/XMLSchema-instance" xsi:noNamespaceSchemaLocation="https://maven.apache.org/surefire/maven-surefire-plugin/xsd/surefire-test-report-3.0.xsd" version="3.0" name="de.hospital.triagedashboard.service.TriageQueueServiceIntegrationTest" time="5.694" tests="6" errors="0" skipped="0" failures="0">
  <properties>
[...]
</properties>
  <testcase name="archivedPatients_areExcludedFromActiveQueue" classname="de.hospital.triagedashboard.service.TriageQueueServiceIntegrationTest" time="0.338">
    <system-out><![CDATA[2026-06-20T07:21:50.806+02:00  INFO 14240 --- [           main] t.c.s.AnnotationConfigContextLoaderUtils : Could not detect default configuration classes for test class [de.hospital.triagedashboard.service.TriageQueueServiceIntegrationTest]: TriageQueueServiceIntegrationTest does not declare any static, non-private, non-final, nested classes annotated with @Configuration.
2026-06-20T07:21:50.825+02:00  INFO 14240 --- [           main] .b.t.c.SpringBootTestContextBootstrapper : Found @SpringBootConfiguration de.hospital.triagedashboard.TriageDashboardApplication for test class de.hospital.triagedashboard.service.TriageQueueServiceIntegrationTest
  .   ____          _            __ _ _
 /\\ / ___'_ __ _ _(_)_ __  __ _ \ \ \ \
( ( )\___ | '_ | '_| | '_ \/ _` | \ \ \ \
 \\/  ___)| |_)| | | | | || (_| |  ) ) ) )
  '  |____| .__|_| |_|_| |_\__, | / / / /
 =========|_|==============|___/=/_/_/_/

 :: Spring Boot ::                (v3.3.0)

2026-06-20T07:21:50.899+02:00  INFO 14240 --- [           main] .h.t.s.TriageQueueServiceIntegrationTest : Starting TriageQueueServiceIntegrationTest using Java 23.0.1 with PID 14240 (started by AkbaS in C:\Users\AkbaS\.gemini\antigravity\scratch\triage-dashboard)
2026-06-20T07:21:50.900+02:00  INFO 14240 --- [           main] .h.t.s.TriageQueueServiceIntegrationTest : No active profile set, falling back to 1 default profile: "default"
2026-06-20T07:21:51.616+02:00  INFO 14240 --- [           main] .s.d.r.c.RepositoryConfigurationDelegate : Bootstrapping Spring Data JPA repositories in DEFAULT mode.
2026-06-20T07:21:51.690+02:00  INFO 14240 --- [           main] .s.d.r.c.RepositoryConfigurationDelegate : Finished Spring Data repository scanning in 60 ms. Found 1 JPA repository interface.
2026-06-20T07:21:52.219+02:00  INFO 14240 --- [           main] com.zaxxer.hikari.HikariDataSource       : HikariPool-1 - Starting...
2026-06-20T07:21:52.440+02:00  INFO 14240 --- [           main] com.zaxxer.hikari.pool.HikariPool        : HikariPool-1 - Added connection conn0: url=jdbc:h2:mem:testdb user=SA
2026-06-20T07:21:52.442+02:00  INFO 14240 --- [           main] com.zaxxer.hikari.HikariDataSource       : HikariPool-1 - Start completed.
2026-06-20T07:21:52.506+02:00  INFO 14240 --- [           main] org.flywaydb.core.FlywayExecutor         : Database: jdbc:h2:mem:testdb (H2 2.2)
2026-06-20T07:21:52.514+02:00  WARN 14240 --- [           main] o.f.c.internal.database.base.Database    : Flyway upgrade recommended: H2 2.2.224 is newer than this version of Flyway and support has not been tested. The latest supported version of H2 is 2.2.220.
2026-06-20T07:21:52.548+02:00  INFO 14240 --- [           main] o.f.c.i.s.JdbcTableSchemaHistory         : Schema history table "PUBLIC"."flyway_schema_history" does not exist yet
2026-06-20T07:21:52.551+02:00  INFO 14240 --- [           main] o.f.core.internal.command.DbValidate     : Successfully validated 1 migration (execution time 00:00.021s)
2026-06-20T07:21:52.560+02:00  INFO 14240 --- [           main] o.f.c.i.s.JdbcTableSchemaHistory         : Creating Schema History table "PUBLIC"."flyway_schema_history" ...
2026-06-20T07:21:52.603+02:00  INFO 14240 --- [           main] o.f.core.internal.command.DbMigrate      : Current version of schema "PUBLIC": << Empty Schema >>
2026-06-20T07:21:52.612+02:00  INFO 14240 --- [           main] o.f.core.internal.command.DbMigrate      : Migrating schema "PUBLIC" to version "1 - init schema"
2026-06-20T07:21:52.633+02:00  INFO 14240 --- [           main] o.f.core.internal.command.DbMigrate      : Successfully applied 1 migration to schema "PUBLIC", now at version v1 (execution time 00:00.004s)
2026-06-20T07:21:52.791+02:00  INFO 14240 --- [           main] o.hibernate.jpa.internal.util.LogHelper  : HHH000204: Processing PersistenceUnitInfo [name: default]
2026-06-20T07:21:52.941+02:00  INFO 14240 --- [           main] org.hibernate.Version                    : HHH000412: Hibernate ORM core version 6.5.2.Final
2026-06-20T07:21:53.017+02:00  INFO 14240 --- [           main] o.h.c.internal.RegionFactoryInitiator    : HHH000026: Second-level cache disabled
2026-06-20T07:21:53.275+02:00  INFO 14240 --- [           main] o.s.o.j.p.SpringPersistenceUnitInfo      : No LoadTimeWeaver setup: ignoring JPA class transformer
2026-06-20T07:21:53.345+02:00  WARN 14240 --- [           main] org.hibernate.orm.deprecation            : HHH90000025: H2Dialect does not need to be specified explicitly using 'hibernate.dialect' (remove the property setting and it will be selected by default)
2026-06-20T07:21:54.176+02:00  INFO 14240 --- [           main] o.h.e.t.j.p.i.JtaPlatformInitiator       : HHH000489: No JTA platform available (set 'hibernate.transaction.jta.platform' to enable JTA platform integration)
2026-06-20T07:21:54.180+02:00  INFO 14240 --- [           main] j.LocalContainerEntityManagerFactoryBean : Initialized JPA EntityManagerFactory for persistence unit 'default'
2026-06-20T07:21:54.525+02:00  INFO 14240 --- [           main] o.s.d.j.r.query.QueryEnhancerFactory     : Hibernate is in classpath; If applicable, HQL parser will be used.
2026-06-20T07:21:55.452+02:00  WARN 14240 --- [           main] JpaBaseConfiguration$JpaWebConfiguration : spring.jpa.open-in-view is enabled by default. Therefore, database queries may be performed during view rendering. Explicitly configure spring.jpa.open-in-view to disable this warning
2026-06-20T07:21:55.889+02:00  INFO 14240 --- [           main] o.s.m.s.b.SimpleBrokerMessageHandler     : Starting...
2026-06-20T07:21:55.890+02:00  INFO 14240 --- [           main] o.s.m.s.b.SimpleBrokerMessageHandler     : BrokerAvailabilityEvent[available=true, SimpleBrokerMessageHandler [org.springframework.messaging.simp.broker.DefaultSubscriptionRegistry@67c6b166]]
2026-06-20T07:21:55.890+02:00  INFO 14240 --- [           main] o.s.m.s.b.SimpleBrokerMessageHandler     : Started.
2026-06-20T07:21:55.896+02:00  INFO 14240 --- [           main] .h.t.s.TriageQueueServiceIntegrationTest : Started TriageQueueServiceIntegrationTest in 5.055 seconds (process running for 11.435)
2026-06-20T07:21:56.059+02:00  INFO 14240 --- [           main] d.h.t.service.TriageQueueService         : Neuer Patientenfall aufgenommen: id=a2e01d8c-dfd5-4ef7-9f7c-740b6ad2b0ec, name='Maria Aktiv', triage=GREEN, estimatedTreatment=2026-06-20T08:51:56.039518600
2026-06-20T07:21:56.060+02:00  INFO 14240 --- [           main] d.h.t.service.TriageQueueService         : Neuer Patientenfall aufgenommen: id=b6931ca2-e9ec-45c2-b0ae-8c5eb7099854, name='Klaus Entlassen', triage=BLUE, estimatedTreatment=2026-06-20T09:21:56.060516800
2026-06-20T07:21:56.071+02:00  INFO 14240 --- [           main] d.h.t.service.TriageQueueService         : Patientenfall archiviert: id=b6931ca2-e9ec-45c2-b0ae-8c5eb7099854, name='Klaus Entlassen'
]]></system-out>
  </testcase>
  <testcase name="updateTriageLevel_throwsException_whenCaseIdDoesNotExist" classname="de.hospital.triagedashboard.service.TriageQueueServiceIntegrationTest" time="0.011"/>
  <testcase name="updateTriageLevel_recalculatesEstimatedTreatmentTime" classname="de.hospital.triagedashboard.service.TriageQueueServiceIntegrationTest" time="0.011">
    <system-out><![CDATA[2026-06-20T07:21:56.258+02:00  INFO 14240 --- [           main] d.h.t.service.TriageQueueService         : Neuer Patientenfall aufgenommen: id=cddde47b-c538-4750-be32-12740fac6a24, name='Peter Verschlechterung', triage=YELLOW, estimatedTreatment=2026-06-20T07:51:56.258097800
2026-06-20T07:21:56.259+02:00  INFO 14240 --- [           main] d.h.t.service.TriageQueueService         : Re-Triage: id=cddde47b-c538-4750-be32-12740fac6a24, name='Peter Verschlechterung', YELLOW -> RED, neue Behandlungszeit=2026-06-20T07:21:56.258097800
]]></system-out>
  </testcase>
  <testcase name="patientsWithSameTriageLevel_areOrderedByAdmissionTimeFifo" classname="de.hospital.triagedashboard.service.TriageQueueServiceIntegrationTest" time="0.078">
    <system-out><![CDATA[2026-06-20T07:21:56.271+02:00  INFO 14240 --- [           main] d.h.t.service.TriageQueueService         : Neuer Patientenfall aufgenommen: id=bf92f0bf-c01c-4591-bed6-c5dbff18081c, name='Anna Erster', triage=GREEN, estimatedTreatment=2026-06-20T08:51:56.270847400
2026-06-20T07:21:56.334+02:00  INFO 14240 --- [           main] d.h.t.service.TriageQueueService         : Neuer Patientenfall aufgenommen: id=5ea2624c-9957-4f58-bbcf-0fa291affc13, name='Bernd Zweiter', triage=GREEN, estimatedTreatment=2026-06-20T08:51:56.334595800
]]></system-out>
  </testcase>
  <testcase name="redPatientLeadsQueue_whenYellowPatientsAreAlreadyWaiting" classname="de.hospital.triagedashboard.service.TriageQueueServiceIntegrationTest" time="0.133">
    <system-out><![CDATA[2026-06-20T07:21:56.353+02:00  INFO 14240 --- [           main] d.h.t.service.TriageQueueService         : Neuer Patientenfall aufgenommen: id=166dd2e8-3cf7-4b54-8649-b9912a889a02, name='Max Mustermann', triage=YELLOW, estimatedTreatment=2026-06-20T07:51:56.352204600
2026-06-20T07:21:56.411+02:00  INFO 14240 --- [           main] d.h.t.service.TriageQueueService         : Neuer Patientenfall aufgenommen: id=2b6d42b0-b618-4002-99d8-9b0fe963a596, name='Erika Musterfrau', triage=YELLOW, estimatedTreatment=2026-06-20T07:51:56.410932500
2026-06-20T07:21:56.472+02:00  INFO 14240 --- [           main] d.h.t.service.TriageQueueService         : Neuer Patientenfall aufgenommen: id=6609b036-41a5-4934-abca-1833aa521c02, name='Hans Notfall', triage=RED, estimatedTreatment=2026-06-20T07:21:56.472387800
]]></system-out>
  </testcase>
  <testcase name="estimatedTreatmentTime_isCalculatedCorrectlyOnAdmission" classname="de.hospital.triagedashboard.service.TriageQueueServiceIntegrationTest" time="0.014">
    <system-out><![CDATA[2026-06-20T07:21:56.492+02:00  INFO 14240 --- [           main] d.h.t.service.TriageQueueService         : Neuer Patientenfall aufgenommen: id=7bce9685-7eca-4d82-9649-50e1299bfa7f, name='Lena Kritisch', triage=ORANGE, estimatedTreatment=2026-06-20T07:31:56.492316500
]]></system-out>
  </testcase>
</testsuite>