<?xml version="1.0" encoding="UTF-8"?>
<testsuite xmlns:xsi="http://www.w3.org/2001/XMLSchema-instance" xsi:noNamespaceSchemaLocation="https://maven.apache.org/surefire/maven-surefire-plugin/xsd/surefire-test-report-3.0.xsd" version="3.0" name="de.hospital.triagedashboard.controller.TriageControllerTest" time="5.319" tests="5" errors="0" skipped="0" failures="0">
  <properties>
[...]
</properties>
  <testcase name="admitPatient_returns400_whenPatientNameIsBlank" classname="de.hospital.triagedashboard.controller.TriageControllerTest" time="0.381">
    <system-out><![CDATA[07:21:45.733 [main] INFO org.springframework.test.context.support.AnnotationConfigContextLoaderUtils -- Could not detect default configuration classes for test class [de.hospital.triagedashboard.controller.TriageControllerTest]: TriageControllerTest does not declare any static, non-private, non-final, nested classes annotated with @Configuration.
07:21:45.958 [main] INFO org.springframework.boot.test.context.SpringBootTestContextBootstrapper -- Found @SpringBootConfiguration de.hospital.triagedashboard.TriageDashboardApplication for test class de.hospital.triagedashboard.controller.TriageControllerTest
  .   ____          _            __ _ _
 /\\ / ___'_ __ _ _(_)_ __  __ _ \ \ \ \
( ( )\___ | '_ | '_| | '_ \/ _` | \ \ \ \
 \\/  ___)| |_)| | | | | || (_| |  ) ) ) )
  '  |____| .__|_| |_|_| |_\__, | / / / /
 =========|_|==============|___/=/_/_/_/

 :: Spring Boot ::                (v3.3.0)

2026-06-20T07:21:46.591+02:00  INFO 14240 --- [           main] d.h.t.controller.TriageControllerTest    : Starting TriageControllerTest using Java 23.0.1 with PID 14240 (started by AkbaS in C:\Users\AkbaS\.gemini\antigravity\scratch\triage-dashboard)
2026-06-20T07:21:46.593+02:00  INFO 14240 --- [           main] d.h.t.controller.TriageControllerTest    : No active profile set, falling back to 1 default profile: "default"
2026-06-20T07:21:50.123+02:00  INFO 14240 --- [           main] o.s.b.t.m.w.SpringBootMockServletContext : Initializing Spring TestDispatcherServlet ''
2026-06-20T07:21:50.123+02:00  INFO 14240 --- [           main] o.s.t.web.servlet.TestDispatcherServlet  : Initializing Servlet ''
2026-06-20T07:21:50.126+02:00  INFO 14240 --- [           main] o.s.t.web.servlet.TestDispatcherServlet  : Completed initialization in 2 ms
2026-06-20T07:21:50.159+02:00  INFO 14240 --- [           main] d.h.t.controller.TriageControllerTest    : Started TriageControllerTest in 4.081 seconds (process running for 5.698)
]]></system-out>
    <system-err><![CDATA[WARNING: A Java agent has been loaded dynamically (C:\Users\AkbaS\.m2\repository\net\bytebuddy\byte-buddy-agent\1.14.16\byte-buddy-agent-1.14.16.jar)
WARNING: If a serviceability tool is in use, please run with -XX:+EnableDynamicAgentLoading to hide this warning
WARNING: If a serviceability tool is not in use, please run with -Djdk.instrument.traceUsage for more information
WARNING: Dynamic loading of agents will be disallowed by default in a future release
]]></system-err>
  </testcase>
  <testcase name="archivePatient_returns204_andBroadcastsQueue" classname="de.hospital.triagedashboard.controller.TriageControllerTest" time="0.081">
    <system-out><![CDATA[2026-06-20T07:21:50.631+02:00  INFO 14240 --- [           main] d.h.t.controller.TriageController        : WS-Broadcast [Patient archiviert]: 0 Faelle an /topic/queue gesendet
]]></system-out>
  </testcase>
  <testcase name="updateTriageLevel_returns200_andBroadcastsQueue" classname="de.hospital.triagedashboard.controller.TriageControllerTest" time="0.105">
    <system-out><![CDATA[2026-06-20T07:21:50.658+02:00  INFO 14240 --- [           main] d.h.t.controller.TriageController        : WS-Broadcast [Triagestufe aktualisiert]: 1 Faelle an /topic/queue gesendet
]]></system-out>
  </testcase>
  <testcase name="admitPatient_returns201Created_andBroadcastsQueue" classname="de.hospital.triagedashboard.controller.TriageControllerTest" time="0.011">
    <system-out><![CDATA[2026-06-20T07:21:50.762+02:00  INFO 14240 --- [           main] d.h.t.controller.TriageController        : WS-Broadcast [Neuer Patient aufgenommen]: 1 Faelle an /topic/queue gesendet
]]></system-out>
  </testcase>
  <testcase name="getQueue_returnsJsonListOfActivePatients" classname="de.hospital.triagedashboard.controller.TriageControllerTest" time="0.017"/>
</testsuite>